{
  "/Users/bdirheimer/react-useclient/src/index.ts": {
    "path": "/Users/bdirheimer/react-useclient/src/index.ts",
    "all": false,
    "statementMap": {
      "0": {
        "start": { "line": 1, "column": 0 },
        "end": { "line": 1, "column": 25 }
      },
      "1": {
        "start": { "line": 2, "column": 0 },
        "end": { "line": 2, "column": 29 }
      },
      "2": {
        "start": { "line": 3, "column": 0 },
        "end": { "line": 3, "column": 33 }
      },
      "3": {
        "start": { "line": 4, "column": 0 },
        "end": { "line": 4, "column": 30 }
      },
      "4": {
        "start": { "line": 5, "column": 0 },
        "end": { "line": 5, "column": 0 }
      },
      "5": {
        "start": { "line": 6, "column": 0 },
        "end": { "line": 6, "column": 38 }
      },
      "6": {
        "start": { "line": 7, "column": 0 },
        "end": { "line": 7, "column": 0 }
      },
      "7": {
        "start": { "line": 8, "column": 0 },
        "end": { "line": 8, "column": 54 }
      },
      "8": {
        "start": { "line": 9, "column": 0 },
        "end": { "line": 9, "column": 0 }
      },
      "9": {
        "start": { "line": 10, "column": 0 },
        "end": { "line": 10, "column": 57 }
      },
      "10": {
        "start": { "line": 11, "column": 0 },
        "end": { "line": 11, "column": 7 }
      },
      "11": {
        "start": { "line": 12, "column": 0 },
        "end": { "line": 12, "column": 57 }
      },
      "12": {
        "start": { "line": 13, "column": 0 },
        "end": { "line": 13, "column": 44 }
      },
      "13": {
        "start": { "line": 14, "column": 0 },
        "end": { "line": 14, "column": 73 }
      },
      "14": {
        "start": { "line": 15, "column": 0 },
        "end": { "line": 15, "column": 56 }
      },
      "15": {
        "start": { "line": 16, "column": 0 },
        "end": { "line": 16, "column": 12 }
      },
      "16": {
        "start": { "line": 17, "column": 0 },
        "end": { "line": 17, "column": 65 }
      },
      "17": {
        "start": { "line": 18, "column": 0 },
        "end": { "line": 18, "column": 5 }
      },
      "18": {
        "start": { "line": 19, "column": 0 },
        "end": { "line": 19, "column": 19 }
      },
      "19": {
        "start": { "line": 20, "column": 0 },
        "end": { "line": 20, "column": 67 }
      },
      "20": {
        "start": { "line": 21, "column": 0 },
        "end": { "line": 21, "column": 3 }
      },
      "21": {
        "start": { "line": 22, "column": 0 },
        "end": { "line": 22, "column": 2 }
      },
      "22": {
        "start": { "line": 23, "column": 0 },
        "end": { "line": 23, "column": 0 }
      },
      "23": {
        "start": { "line": 24, "column": 0 },
        "end": { "line": 24, "column": 39 }
      },
      "24": {
        "start": { "line": 25, "column": 0 },
        "end": { "line": 25, "column": 24 }
      },
      "25": {
        "start": { "line": 26, "column": 0 },
        "end": { "line": 26, "column": 21 }
      },
      "26": {
        "start": { "line": 27, "column": 0 },
        "end": { "line": 27, "column": 7 }
      },
      "27": {
        "start": { "line": 28, "column": 0 },
        "end": { "line": 28, "column": 74 }
      },
      "28": {
        "start": { "line": 29, "column": 0 },
        "end": { "line": 29, "column": 0 }
      },
      "29": {
        "start": { "line": 30, "column": 0 },
        "end": { "line": 30, "column": 35 }
      },
      "30": {
        "start": { "line": 31, "column": 0 },
        "end": { "line": 31, "column": 61 }
      },
      "31": {
        "start": { "line": 32, "column": 0 },
        "end": { "line": 32, "column": 33 }
      },
      "32": {
        "start": { "line": 33, "column": 0 },
        "end": { "line": 33, "column": 41 }
      },
      "33": {
        "start": { "line": 34, "column": 0 },
        "end": { "line": 34, "column": 17 }
      },
      "34": {
        "start": { "line": 35, "column": 0 },
        "end": { "line": 35, "column": 64 }
      },
      "35": {
        "start": { "line": 36, "column": 0 },
        "end": { "line": 36, "column": 41 }
      },
      "36": {
        "start": { "line": 37, "column": 0 },
        "end": { "line": 37, "column": 9 }
      },
      "37": {
        "start": { "line": 38, "column": 0 },
        "end": { "line": 38, "column": 37 }
      },
      "38": {
        "start": { "line": 39, "column": 0 },
        "end": { "line": 39, "column": 7 }
      },
      "39": {
        "start": { "line": 40, "column": 0 },
        "end": { "line": 40, "column": 5 }
      },
      "40": {
        "start": { "line": 41, "column": 0 },
        "end": { "line": 41, "column": 19 }
      },
      "41": {
        "start": { "line": 42, "column": 0 },
        "end": { "line": 42, "column": 77 }
      },
      "42": {
        "start": { "line": 43, "column": 0 },
        "end": { "line": 43, "column": 3 }
      },
      "43": {
        "start": { "line": 44, "column": 0 },
        "end": { "line": 44, "column": 2 }
      },
      "44": {
        "start": { "line": 45, "column": 0 },
        "end": { "line": 45, "column": 3 }
      },
      "45": {
        "start": { "line": 46, "column": 0 },
        "end": { "line": 46, "column": 48 }
      },
      "46": {
        "start": { "line": 47, "column": 0 },
        "end": { "line": 47, "column": 59 }
      },
      "47": {
        "start": { "line": 48, "column": 0 },
        "end": { "line": 48, "column": 3 }
      },
      "48": {
        "start": { "line": 49, "column": 0 },
        "end": { "line": 49, "column": 48 }
      },
      "49": {
        "start": { "line": 50, "column": 0 },
        "end": { "line": 50, "column": 66 }
      },
      "50": {
        "start": { "line": 51, "column": 0 },
        "end": { "line": 51, "column": 34 }
      },
      "51": {
        "start": { "line": 52, "column": 0 },
        "end": { "line": 52, "column": 1 }
      }
    },
    "s": {
      "0": 1,
      "1": 1,
      "2": 1,
      "3": 1,
      "4": 1,
      "5": 1,
      "6": 1,
      "7": 1,
      "8": 1,
      "9": 1,
      "10": 2,
      "11": 2,
      "12": 2,
      "13": 1,
      "14": 1,
      "15": 1,
      "16": 1,
      "17": 1,
      "18": 2,
      "19": 0,
      "20": 0,
      "21": 2,
      "22": 1,
      "23": 1,
      "24": 1,
      "25": 1,
      "26": 1,
      "27": 1,
      "28": 1,
      "29": 1,
      "30": 1,
      "31": 1,
      "32": 0,
      "33": 1,
      "34": 1,
      "35": 0,
      "36": 1,
      "37": 1,
      "38": 1,
      "39": 1,
      "40": 1,
      "41": 0,
      "42": 0,
      "43": 1,
      "44": 1,
      "45": 1,
      "46": 1,
      "47": 1,
      "48": 0,
      "49": 0,
      "50": 0,
      "51": 0
    },
    "branchMap": {
      "0": {
        "type": "branch",
        "line": 10,
        "loc": {
          "start": { "line": 10, "column": 28 },
          "end": { "line": 22, "column": 2 }
        },
        "locations": [
          {
            "start": { "line": 10, "column": 28 },
            "end": { "line": 22, "column": 2 }
          }
        ]
      },
      "1": {
        "type": "branch",
        "line": 13,
        "loc": {
          "start": { "line": 13, "column": 43 },
          "end": { "line": 18, "column": 5 }
        },
        "locations": [
          {
            "start": { "line": 13, "column": 43 },
            "end": { "line": 18, "column": 5 }
          }
        ]
      },
      "2": {
        "type": "branch",
        "line": 19,
        "loc": {
          "start": { "line": 19, "column": 4 },
          "end": { "line": 21, "column": 3 }
        },
        "locations": [
          {
            "start": { "line": 19, "column": 4 },
            "end": { "line": 21, "column": 3 }
          }
        ]
      },
      "3": {
        "type": "branch",
        "line": 24,
        "loc": {
          "start": { "line": 24, "column": 32 },
          "end": { "line": 44, "column": 2 }
        },
        "locations": [
          {
            "start": { "line": 24, "column": 32 },
            "end": { "line": 44, "column": 2 }
          }
        ]
      },
      "4": {
        "type": "branch",
        "line": 32,
        "loc": {
          "start": { "line": 32, "column": 32 },
          "end": { "line": 34, "column": 13 }
        },
        "locations": [
          {
            "start": { "line": 32, "column": 32 },
            "end": { "line": 34, "column": 13 }
          }
        ]
      },
      "5": {
        "type": "branch",
        "line": 35,
        "loc": {
          "start": { "line": 35, "column": 61 },
          "end": { "line": 36, "column": 41 }
        },
        "locations": [
          {
            "start": { "line": 35, "column": 61 },
            "end": { "line": 36, "column": 41 }
          }
        ]
      },
      "6": {
        "type": "branch",
        "line": 41,
        "loc": {
          "start": { "line": 41, "column": 4 },
          "end": { "line": 43, "column": 3 }
        },
        "locations": [
          {
            "start": { "line": 41, "column": 4 },
            "end": { "line": 43, "column": 3 }
          }
        ]
      }
    },
    "b": {
      "0": [2],
      "1": [1],
      "2": [0],
      "3": [1],
      "4": [0],
      "5": [0],
      "6": [0]
    },
    "fnMap": {
      "0": {
        "name": "addUseClient",
        "decl": {
          "start": { "line": 10, "column": 28 },
          "end": { "line": 22, "column": 2 }
        },
        "loc": {
          "start": { "line": 10, "column": 28 },
          "end": { "line": 22, "column": 2 }
        },
        "line": 10
      },
      "1": {
        "name": "processDirectory",
        "decl": {
          "start": { "line": 24, "column": 32 },
          "end": { "line": 44, "column": 2 }
        },
        "loc": {
          "start": { "line": 24, "column": 32 },
          "end": { "line": 44, "column": 2 }
        },
        "line": 24
      },
      "2": {
        "name": "ReactUseClient",
        "decl": {
          "start": { "line": 49, "column": 0 },
          "end": { "line": 52, "column": 1 }
        },
        "loc": {
          "start": { "line": 49, "column": 0 },
          "end": { "line": 52, "column": 1 }
        },
        "line": 49
      }
    },
    "f": { "0": 2, "1": 1, "2": 0 }
  },
  "/Users/bdirheimer/react-useclient/src/config/index.ts": {
    "path": "/Users/bdirheimer/react-useclient/src/config/index.ts",
    "all": false,
    "statementMap": {
      "0": {
        "start": { "line": 1, "column": 0 },
        "end": { "line": 1, "column": 34 }
      },
      "1": {
        "start": { "line": 2, "column": 0 },
        "end": { "line": 2, "column": 38 }
      },
      "2": {
        "start": { "line": 3, "column": 0 },
        "end": { "line": 3, "column": 0 }
      },
      "3": {
        "start": { "line": 4, "column": 0 },
        "end": { "line": 4, "column": 32 }
      }
    },
    "s": { "0": 1, "1": 1, "2": 1, "3": 1 },
    "branchMap": {},
    "b": {},
    "fnMap": {},
    "f": {}
  }
}
