TN:
SF:src/index.ts
FN:10,addUseClient
FN:24,processDirectory
FN:49,ReactUseClient
FNF:3
FNH:2
FNDA:2,addUseClient
FNDA:1,processDirectory
FNDA:0,ReactUseClient
DA:1,1
DA:2,1
DA:3,1
DA:4,1
DA:5,1
DA:6,1
DA:7,1
DA:8,1
DA:9,1
DA:10,1
DA:11,2
DA:12,2
DA:13,2
DA:14,1
DA:15,1
DA:16,1
DA:17,1
DA:18,1
DA:19,2
DA:20,0
DA:21,0
DA:22,2
DA:23,1
DA:24,1
DA:25,1
DA:26,1
DA:27,1
DA:28,1
DA:29,1
DA:30,1
DA:31,1
DA:32,1
DA:33,0
DA:34,1
DA:35,1
DA:36,0
DA:37,1
DA:38,1
DA:39,1
DA:40,1
DA:41,1
DA:42,0
DA:43,0
DA:44,1
DA:45,1
DA:46,1
DA:47,1
DA:48,1
DA:49,0
DA:50,0
DA:51,0
DA:52,0
LF:52
LH:42
BRDA:10,0,0,2
BRDA:13,1,0,1
BRDA:19,2,0,0
BRDA:24,3,0,1
BRDA:32,4,0,0
BRDA:35,5,0,0
BRDA:41,6,0,0
BRF:7
BRH:3
end_of_record
TN:
SF:src/config/index.ts
FNF:0
FNH:0
DA:1,1
DA:2,1
DA:3,1
DA:4,1
LF:4
LH:4
BRF:0
BRH:0
end_of_record
